timestamp='10-19-2015 08:13:04:126',TASKSTATETRANSITIONTENANT='2751b72d-9e33-43c3-aa38-a584006e67bc',ASSIGNOR='bfc34e39-765a-11e5-bbe2-0242f65cf53f',ASSIGNED_TO='bfc34e3a-765a-11e5-bbe2-0242f65cf53f',TASKID='bfc5711b-765a-11e5-bbe2-0242f65cf53f',TASKNAME='Task Thingy',STATE='Started',RESOLUTION='Failed',
timestamp='10-19-2015 08:13:04:128',TASKSTATETRANSITIONTENANT='2751b72d-9e33-43c3-aa38-a584006e67bc',ASSIGNOR='bfc34e39-765a-11e5-bbe2-0242f65cf53f',ASSIGNED_TO='bfc34e3a-765a-11e5-bbe2-0242f65cf53f',TASKID='bfc5711b-765a-11e5-bbe2-0242f65cf53f',TASKNAME='Task Thingy',STATE='Closed',RESOLUTION='Success',
timestamp='10-19-2015 08:13:04:975',TASKSTATETRANSITIONTENANT='2751b72d-9e33-43c3-aa38-a584006e67bc',ASSIGNOR='c0479980-765a-11e5-bbe2-0242f65cf53f',ASSIGNED_TO='c0479981-765a-11e5-bbe2-0242f65cf53f',TASKID='c047e7a2-765a-11e5-bbe2-0242f65cf53f',TASKNAME='Task Thingy',STATE='Activated',RESOLUTION='Failed',
timestamp='10-19-2015 08:13:04:976',TASKSTATETRANSITIONTENANT='2751b72d-9e33-43c3-aa38-a584006e67bc',ASSIGNOR='c0479980-765a-11e5-bbe2-0242f65cf53f',ASSIGNED_TO='c0479981-765a-11e5-bbe2-0242f65cf53f',TASKID='c047e7a2-765a-11e5-bbe2-0242f65cf53f',TASKNAME='Task Thingy',STATE='Closed',RESOLUTION='Success',
timestamp='10-19-2015 08:13:05:144',TASKSTATETRANSITIONTENANT='2751b72d-9e33-43c3-aa38-a584006e67bc',ASSIGNOR='c0618a2b-765a-11e5-bbe2-0242f65cf53f',ASSIGNED_TO='c0618a2c-765a-11e5-bbe2-0242f65cf53f',TASKID='c061d84d-765a-11e5-bbe2-0242f65cf53f',TASKNAME='Task Thingy',STATE='Activated',RESOLUTION='Failed',
timestamp='10-19-2015 08:13:05:674',TASKSTATETRANSITIONTENANT='2751b72d-9e33-43c3-aa38-a584006e67bc',ASSIGNOR='c0b2906f-765a-11e5-bbe2-0242f65cf53f',ASSIGNED_TO='c0b29070-765a-11e5-bbe2-0242f65cf53f',TASKID='c0b2b781-765a-11e5-bbe2-0242f65cf53f',TASKNAME='Task Thingy',STATE='Activated',RESOLUTION='Failed',
timestamp='10-19-2015 08:13:05:675',TASKSTATETRANSITIONTENANT='2751b72d-9e33-43c3-aa38-a584006e67bc',ASSIGNOR='c0b2906f-765a-11e5-bbe2-0242f65cf53f',ASSIGNED_TO='c0b29070-765a-11e5-bbe2-0242f65cf53f',TASKID='c0b2b781-765a-11e5-bbe2-0242f65cf53f',TASKNAME='Task Thingy',STATE='Started',RESOLUTION='Failed',
timestamp='10-19-2015 08:13:07:121',TASKSTATETRANSITIONTENANT='2751b72d-9e33-43c3-aa38-a584006e67bc',ASSIGNOR='c18f0de0-765a-11e5-bbe2-0242f65cf53f',ASSIGNED_TO='c18f0de1-765a-11e5-bbe2-0242f65cf53f',TASKID='c18f5b02-765a-11e5-bbe2-0242f65cf53f',TASKNAME='Task Thingy',STATE='Started',RESOLUTION='Failed',
timestamp='10-19-2015 08:13:07:260',TASKSTATETRANSITIONTENANT='2751b72d-9e33-43c3-aa38-a584006e67bc',ASSIGNOR='c1a469ab-765a-11e5-bbe2-0242f65cf53f',ASSIGNED_TO='c1a469ac-765a-11e5-bbe2-0242f65cf53f',TASKID='c1a490bd-765a-11e5-bbe2-0242f65cf53f',TASKNAME='Task Thingy',STATE='Started',RESOLUTION='Failed',
timestamp='10-19-2015 08:13:07:749',TASKSTATETRANSITIONTENANT='2751b72d-9e33-43c3-aa38-a584006e67bc',ASSIGNOR='c1ef074e-765a-11e5-bbe2-0242f65cf53f',ASSIGNED_TO='c1ef074f-765a-11e5-bbe2-0242f65cf53f',TASKID='c1ef2e60-765a-11e5-bbe2-0242f65cf53f',TASKNAME='Task Thingy',STATE='Started',RESOLUTION='Failed',
timestamp='10-19-2015 08:13:09:451',TASKSTATETRANSITIONTENANT='2751b72d-9e33-43c3-aa38-a584006e67bc',ASSIGNOR='f93fcf75-8cd0-4797-ae78-2ec416bf9807',ASSIGNED_TO='f93fcf75-8cd0-4797-ae78-2ec416bf9807',TASKID='c2d76baa-765a-11e5-bbe2-0242f65cf53f',TASKNAME='Task Thingy',STATE='Closed',RESOLUTION='Success',
timestamp='10-19-2015 08:13:10:259',TASKSTATETRANSITIONTENANT='2751b72d-9e33-43c3-aa38-a584006e67bc',ASSIGNOR='c36e0671-765a-11e5-bbe2-0242f65cf53f',ASSIGNED_TO='c36e0672-765a-11e5-bbe2-0242f65cf53f',TASKID='c36e2d83-765a-11e5-bbe2-0242f65cf53f',TASKNAME='Task Thingy',STATE='Started',RESOLUTION='Failed',
timestamp='10-19-2015 08:13:11:744',TASKSTATETRANSITIONTENANT='2751b72d-9e33-43c3-aa38-a584006e67bc',ASSIGNOR='c4509e5b-765a-11e5-bbe2-0242f65cf53f',ASSIGNED_TO='c4509e5c-765a-11e5-bbe2-0242f65cf53f',TASKID='c450c56d-765a-11e5-bbe2-0242f65cf53f',TASKNAME='Task Thingy',STATE='Started',RESOLUTION='Failed',
timestamp='10-19-2015 08:23:29:626',TASKSTATETRANSITIONTENANT='2751b72d-9e33-43c3-aa38-a584006e67bc',ASSIGNOR='f93fcf75-8cd0-4797-ae78-2ec416bf9807',ASSIGNED_TO='unknown',TASKID='3495cf5b-765c-11e5-adbd-0242f65cf53f',TASKNAME='Task Thingy',STATE='Closed',RESOLUTION='Success',
timestamp='10-19-2015 08:23:30:077',TASKSTATETRANSITIONTENANT='2751b72d-9e33-43c3-aa38-a584006e67bc',ASSIGNOR='f93fcf75-8cd0-4797-ae78-2ec416bf9807',ASSIGNED_TO='unknown',TASKID='34de4a0d-765c-11e5-adbd-0242f65cf53f',TASKNAME='Task Thingy',STATE='Dormant',RESOLUTION='Failed',
timestamp='10-19-2015 08:23:30:379',TASKSTATETRANSITIONTENANT='2751b72d-9e33-43c3-aa38-a584006e67bc',ASSIGNOR='f93fcf75-8cd0-4797-ae78-2ec416bf9807',ASSIGNED_TO='unknown',TASKID='350ab13f-765c-11e5-adbd-0242f65cf53f',TASKNAME='Task Thingy',STATE='Started',RESOLUTION='Failed',
timestamp='10-19-2015 08:23:30:395',TASKSTATETRANSITIONTENANT='2751b72d-9e33-43c3-aa38-a584006e67bc',ASSIGNOR='f93fcf75-8cd0-4797-ae78-2ec416bf9807',ASSIGNED_TO='unknown',TASKID='350ab13f-765c-11e5-adbd-0242f65cf53f',TASKNAME='Task Thingy',STATE='Closed',RESOLUTION='Success',
timestamp='10-19-2015 08:23:30:635',TASKSTATETRANSITIONTENANT='2751b72d-9e33-43c3-aa38-a584006e67bc',ASSIGNOR='f93fcf75-8cd0-4797-ae78-2ec416bf9807',ASSIGNED_TO='unknown',TASKID='35336ef1-765c-11e5-adbd-0242f65cf53f',TASKNAME='Task Thingy',STATE='Started',RESOLUTION='Failed',
timestamp='10-19-2015 08:23:30:741',TASKSTATETRANSITIONTENANT='2751b72d-9e33-43c3-aa38-a584006e67bc',ASSIGNOR='f93fcf75-8cd0-4797-ae78-2ec416bf9807',ASSIGNED_TO='unknown',TASKID='35432662-765c-11e5-adbd-0242f65cf53f',TASKNAME='Task Thingy',STATE='Started',RESOLUTION='Failed',
timestamp='10-19-2015 08:23:30:841',TASKSTATETRANSITIONTENANT='2751b72d-9e33-43c3-aa38-a584006e67bc',ASSIGNOR='f93fcf75-8cd0-4797-ae78-2ec416bf9807',ASSIGNED_TO='unknown',TASKID='355304e3-765c-11e5-adbd-0242f65cf53f',TASKNAME='Task Thingy',STATE='Started',RESOLUTION='Failed',
timestamp='10-19-2015 08:23:30:933',TASKSTATETRANSITIONTENANT='2751b72d-9e33-43c3-aa38-a584006e67bc',ASSIGNOR='f93fcf75-8cd0-4797-ae78-2ec416bf9807',ASSIGNED_TO='unknown',TASKID='35610ea4-765c-11e5-adbd-0242f65cf53f',TASKNAME='Task Thingy',STATE='Started',RESOLUTION='Failed',
timestamp='10-19-2015 08:23:31:022',TASKSTATETRANSITIONTENANT='2751b72d-9e33-43c3-aa38-a584006e67bc',ASSIGNOR='f93fcf75-8cd0-4797-ae78-2ec416bf9807',ASSIGNED_TO='unknown',TASKID='356ea335-765c-11e5-adbd-0242f65cf53f',TASKNAME='Task Thingy',STATE='Started',RESOLUTION='Failed',
timestamp='10-19-2015 08:23:31:023',TASKSTATETRANSITIONTENANT='2751b72d-9e33-43c3-aa38-a584006e67bc',ASSIGNOR='f93fcf75-8cd0-4797-ae78-2ec416bf9807',ASSIGNED_TO='unknown',TASKID='356ea335-765c-11e5-adbd-0242f65cf53f',TASKNAME='Task Thingy',STATE='Started',RESOLUTION='Failed',
timestamp='10-19-2015 08:23:31:023',TASKSTATETRANSITIONTENANT='2751b72d-9e33-43c3-aa38-a584006e67bc',ASSIGNOR='f93fcf75-8cd0-4797-ae78-2ec416bf9807',ASSIGNED_TO='unknown',TASKID='356ea335-765c-11e5-adbd-0242f65cf53f',TASKNAME='Task Thingy',STATE='Started',RESOLUTION='Failed',
timestamp='10-19-2015 08:23:31:025',TASKSTATETRANSITIONTENANT='2751b72d-9e33-43c3-aa38-a584006e67bc',ASSIGNOR='f93fcf75-8cd0-4797-ae78-2ec416bf9807',ASSIGNED_TO='unknown',TASKID='356ea335-765c-11e5-adbd-0242f65cf53f',TASKNAME='Task Thingy',STATE='Started',RESOLUTION='Failed',
timestamp='10-19-2015 08:23:31:026',TASKSTATETRANSITIONTENANT='2751b72d-9e33-43c3-aa38-a584006e67bc',ASSIGNOR='f93fcf75-8cd0-4797-ae78-2ec416bf9807',ASSIGNED_TO='unknown',TASKID='356ea335-765c-11e5-adbd-0242f65cf53f',TASKNAME='Task Thingy',STATE='Started',RESOLUTION='Failed',
timestamp='10-19-2015 08:23:31:026',TASKSTATETRANSITIONTENANT='2751b72d-9e33-43c3-aa38-a584006e67bc',ASSIGNOR='f93fcf75-8cd0-4797-ae78-2ec416bf9807',ASSIGNED_TO='unknown',TASKID='356ea335-765c-11e5-adbd-0242f65cf53f',TASKNAME='Task Thingy',STATE='Started',RESOLUTION='Failed',
timestamp='10-19-2015 08:23:31:028',TASKSTATETRANSITIONTENANT='2751b72d-9e33-43c3-aa38-a584006e67bc',ASSIGNOR='f93fcf75-8cd0-4797-ae78-2ec416bf9807',ASSIGNED_TO='unknown',TASKID='356ea335-765c-11e5-adbd-0242f65cf53f',TASKNAME='Task Thingy',STATE='Started',RESOLUTION='Failed',
timestamp='10-19-2015 08:23:31:219',TASKSTATETRANSITIONTENANT='2751b72d-9e33-43c3-aa38-a584006e67bc',ASSIGNOR='f93fcf75-8cd0-4797-ae78-2ec416bf9807',ASSIGNED_TO='unknown',TASKID='358c6467-765c-11e5-adbd-0242f65cf53f',TASKNAME='Task Thingy',STATE='Started',RESOLUTION='Failed',
timestamp='10-19-2015 08:23:31:219',TASKSTATETRANSITIONTENANT='2751b72d-9e33-43c3-aa38-a584006e67bc',ASSIGNOR='f93fcf75-8cd0-4797-ae78-2ec416bf9807',ASSIGNED_TO='unknown',TASKID='358c6467-765c-11e5-adbd-0242f65cf53f',TASKNAME='Task Thingy',STATE='Activated',RESOLUTION='Failed',
timestamp='10-19-2015 08:23:31:409',TASKSTATETRANSITIONTENANT='2751b72d-9e33-43c3-aa38-a584006e67bc',ASSIGNOR='f93fcf75-8cd0-4797-ae78-2ec416bf9807',ASSIGNED_TO='unknown',TASKID='35a9b069-765c-11e5-adbd-0242f65cf53f',TASKNAME='Task Thingy',STATE='Closed',RESOLUTION='Success',
timestamp='10-19-2015 08:23:31:587',TASKSTATETRANSITIONTENANT='2751b72d-9e33-43c3-aa38-a584006e67bc',ASSIGNOR='f93fcf75-8cd0-4797-ae78-2ec416bf9807',ASSIGNED_TO='unknown',TASKID='35c5009b-765c-11e5-adbd-0242f65cf53f',TASKNAME='Task Thingy',STATE='Activated',RESOLUTION='Failed',
